<?xml version="1.0" encoding="UTF-8"?>
<!-- Generated by org.testng.reporters.JUnitReportReporter -->
<testsuite hostname="rohits-MacBook-Air.local" failures="0" tests="1" name="testbase.TestBase" time="16.785" errors="0" timestamp="2023-12-16T01:31:04 IST" skipped="0">
  <testcase classname="testbase.TestBase" name="add" time="16.785"/>
  <system-out/>
</testsuite> <!-- testbase.TestBase -->
