<?xml version="1.0" encoding="UTF-8"?>
<!-- Generated by org.testng.reporters.JUnitReportReporter -->
<testsuite hostname="rohits-MacBook-Air.local" failures="0" tests="1" name="test.AddItemIInCartTest" time="30.790" errors="0" timestamp="2023-12-17T02:47:42 IST" skipped="0">
  <testcase classname="test.AddItemIInCartTest" name="addToCartTest" time="30.790"/>
  <system-out/>
</testsuite> <!-- test.AddItemIInCartTest -->
