<?xml version="1.0" encoding="UTF-8"?>
<!-- Generated by org.testng.reporters.JUnitReportReporter -->
<testsuite hostname="192.168.1.6" failures="0" tests="1" name="tests.AddItemIInCartTest" time="59.705" errors="0" timestamp="2025-01-17T01:40:56 IST" skipped="0">
  <testcase classname="tests.AddItemIInCartTest" name="addToCartTest" time="59.705"/>
</testsuite> <!-- tests.AddItemIInCartTest -->
